/*C3*/SET SCHEMA PUBLIC
INSERT INTO GAMEHISTORIES VALUES(698,'2020-01-03 10:18:16.212000',1,3,200,'Kc,6h,Ac,Js,2s','trooper,7c,4s,c:c:c:c|CAII,3d,Jd,c:?:b:b?','800')
COMMIT
INSERT INTO GAMEHISTORIES VALUES(699,'2020-01-03 10:18:33.872000',1,3,100,'','trooper,8c,4d,f|STEPHANIE,?,?,?r','300')
COMMIT
INSERT INTO GAMEHISTORIES VALUES(700,'2020-01-03 10:19:16.137000',1,3,200,'8c,Ad,As,7s,5h','trooper,Kc,6c,c:c:r:c|CAII,7h,?,c:?:b:?r','1200')
COMMIT
INSERT INTO GAMEHISTORIES VALUES(701,'2020-01-03 10:19:43.917000',1,3,100,'5h,Ts,3h','trooper,As,8s,r:r|STEPHANIE,?,?,?:?f','1900')
COMMIT
INSERT INTO GAMEHISTORIES VALUES(702,'2020-01-03 10:20:00.446000',1,3,200,'','trooper,Qc,3h,f|villan2,?,?,rr','600')
COMMIT
INSERT INTO GAMEHISTORIES VALUES(703,'2020-01-03 10:20:18.752000',1,3,100,'','trooper,4c,9d,f|STEPHANIE,?,?,?r','300')
COMMIT
INSERT INTO GAMEHISTORIES VALUES(704,'2020-01-03 10:21:01.442000',1,3,200,'Kd,8d,Ah,9h,6c','trooper,6d,Jh,c:c:c:r|CHECK,Jd,?,c:b:b:br','800')
COMMIT
INSERT INTO GAMEHISTORIES VALUES(705,'2020-01-03 10:21:23.857000',1,3,100,'','trooper,10s,Ad,r|STEPHANIE,?,?,?f','300')
COMMIT
INSERT INTO GAMEHISTORIES VALUES(706,'2020-01-03 10:22:10.557000',1,3,200,'6c,3s,8h,Jd,7d','trooper,Js,null,c:c:c:r|CHECK,2h,9c,c:b:b:b?','800')
COMMIT
INSERT INTO GAMEHISTORIES VALUES(707,'2020-01-03 10:22:31.912000',1,3,100,'','trooper,8d,8c,r|STEPHANIE,?,?,?f','300')
COMMIT
INSERT INTO GAMEHISTORIES VALUES(708,'2020-01-03 10:23:18.582000',1,3,200,'2c,Kc,7c,Qh,Ad','trooper,8d,7h,c:c:c:c|villan2,?,6d,c:b:b:br','800')
COMMIT
INSERT INTO GAMEHISTORIES VALUES(709,'2020-01-03 10:23:35.922000',1,3,100,'','trooper,3d,8h,f|STEPHANIE,?,?,?r','300')
COMMIT
INSERT INTO GAMEHISTORIES VALUES(710,'2020-01-03 10:24:24.802000',1,3,200,'7h,2h,9s,6d,Ad','trooper,9c,2d,c:r:r:c|CHECK,7s,?,c:b:?:?r','1600')
COMMIT
INSERT INTO GAMEHISTORIES VALUES(711,'2020-01-03 10:25:16.012000',1,3,100,'2h,Qc,8d,7d,4h','trooper,3d,3h,c:r:c:c|STEPHANIE,Jd,2s,?:?:?:?r','1100')
COMMIT
INSERT INTO GAMEHISTORIES VALUES(712,'2020-01-03 10:26:12.397000',1,3,200,'7d,4c,As,Qc,9s','trooper,Qh,3s,c:c:c:r|CHECK,10d,6s,c:b:b:b?','800')
COMMIT
INSERT INTO GAMEHISTORIES VALUES(713,'2020-01-03 10:26:28.272000',1,3,100,'','trooper,10d,6c,f|STEPHANIE,?,?,?r','300')
COMMIT
INSERT INTO GAMEHISTORIES VALUES(714,'2020-01-03 10:27:25.227000',1,3,200,'4c,9c,Js,Qs,Td','trooper,6s,8d,c:c:c:r|CHECK,?,?,c:b:b:bf','800')
COMMIT
INSERT INTO GAMEHISTORIES VALUES(715,'2020-01-03 10:27:43.182000',1,3,100,'','trooper,4h,7c,f|STEPHANIE,?,?,?r','300')
COMMIT
INSERT INTO GAMEHISTORIES VALUES(716,'2020-01-03 10:28:39.828000',1,3,200,'2s,7h,3h,7d,Jd','trooper,7c,2s,c:c:c:c|CHECK,8s,2c,c:b:b:b?','800')
COMMIT
INSERT INTO GAMEHISTORIES VALUES(717,'2020-01-03 10:29:00.037000',1,3,100,'','trooper,9s,7s,r|STEPHANIE,?,?,?f','300')
COMMIT
INSERT INTO GAMEHISTORIES VALUES(718,'2020-01-03 10:30:00.702000',1,3,200,'Jc,Js,Kh,2s,Tc','trooper,6h,2c,c:c:c:r|CHECK,?,?,c:b:b:bf','800')
COMMIT
INSERT INTO GAMEHISTORIES VALUES(719,'2020-01-03 10:30:23.667000',1,3,100,'','trooper,2s,Js,r|STEPHANIE,?,?,?f','300')
COMMIT
INSERT INTO GAMEHISTORIES VALUES(720,'2020-01-03 10:31:22.352000',1,3,200,'Jd,Th,4s,Kd,9c','trooper,3s,7h,c:c:c:f|CAII,?,?,c:?:b:br','800')
COMMIT
INSERT INTO GAMEHISTORIES VALUES(721,'2020-01-03 10:31:40.842000',1,3,100,'','trooper,3h,2s,f|STEPHANIE,?,?,?r','300')
COMMIT
INSERT INTO GAMEHISTORIES VALUES(722,'2020-01-03 10:32:20.007000',1,3,200,'8d,Td,Th','trooper,3s,10s,c:r|CHECK,?,?,c:bf','800')
COMMIT
INSERT INTO GAMEHISTORIES VALUES(723,'2020-01-03 10:32:39.462000',1,3,100,'','trooper,6h,4s,f|STEPHANIE,?,?,?r','300')
COMMIT
INSERT INTO GAMEHISTORIES VALUES(724,'2020-01-03 10:33:40.407000',1,3,200,'Th,5c,Ac,Ts,Kc','trooper,6d,3h,c:c:c:f|CHECK,?,?,c:b:b:br','800')
COMMIT
INSERT INTO GAMEHISTORIES VALUES(725,'2020-01-03 10:33:59.762000',1,3,100,'','trooper,Jh,6c,f|STEPHANIE,?,?,?r','300')
COMMIT
INSERT INTO GAMEHISTORIES VALUES(726,'2020-01-03 10:34:50.207000',1,3,200,'Ac,6h,2d,3s','trooper,8d,3c,c:c:r|CHECK,?,?,c:b:bf','800')
COMMIT
INSERT INTO GAMEHISTORIES VALUES(727,'2020-01-03 10:35:09.177000',1,3,100,'','trooper,Jh,3c,f|STEPHANIE,?,?,?r','300')
COMMIT
INSERT INTO GAMEHISTORIES VALUES(728,'2020-01-03 10:36:12.040000',1,3,200,'6d,5s,6s,Qs,Th','trooper,3c,10d,c:c:c:r|CHECK,?,?,c:b:b:bf','800')
COMMIT
INSERT INTO GAMEHISTORIES VALUES(729,'2020-01-03 10:36:33.877000',1,3,100,'','trooper,Jd,Qh,r|STEPHANIE,?,?,?f','300')
COMMIT
INSERT INTO GAMEHISTORIES VALUES(730,'2020-01-03 10:37:11.177000',1,3,200,'Td,3c,8c','trooper,3c,Kh,c:r|CHECK,?,?,c:bf','800')
COMMIT
INSERT INTO GAMEHISTORIES VALUES(731,'2020-01-03 10:37:34.023000',1,3,100,'','trooper,Jd,As,r|STEPHANIE,?,?,?f','300')
COMMIT
INSERT INTO GAMEHISTORIES VALUES(732,'2020-01-03 10:38:44.202000',1,3,200,'Qd,2d,7s,6h,3h','trooper,Jh,2d,c:c:c:c|CHECK,2h,2s,c:b:b:br','800')
COMMIT
INSERT INTO GAMEHISTORIES VALUES(733,'2020-01-03 10:39:15.787000',1,3,200,'','trooper,10c,Jd,cf|STEPHANIE,?,?,?rr','600')
COMMIT
INSERT INTO GAMEHISTORIES VALUES(734,'2020-01-03 10:39:27.007000',1,-1,-1,'','trooper,Jh,Jc,|villan2,?,?,f','-1')
COMMIT
INSERT INTO GAMEHISTORIES VALUES(735,'2020-01-03 10:39:48.126000',1,3,100,'','trooper,Qh,10s,c|STEPHANIE,?,?,?f','300')
COMMIT
INSERT INTO GAMEHISTORIES VALUES(736,'2020-01-03 10:40:00.357000',1,-1,-1,'','trooper,Jh,5s,|villan2,?,?,f','-1')
COMMIT
INSERT INTO GAMEHISTORIES VALUES(737,'2020-01-03 10:40:20.702000',1,3,100,'','trooper,7s,6d,f|STEPHANIE,?,?,?r','300')
COMMIT
INSERT INTO GAMEHISTORIES VALUES(738,'2020-01-03 10:41:27.027000',1,3,200,'8d,6s,9c,Ks,Tc','trooper,Jh,4d,c:c:c:f|CAII,?,?,c:?:b:br','800')
COMMIT
INSERT INTO GAMEHISTORIES VALUES(739,'2020-01-03 10:41:49.914000',1,3,100,'','trooper,8c,3c,r|STEPHANIE,?,?,?f','300')
COMMIT
INSERT INTO GAMEHISTORIES VALUES(740,'2020-01-03 10:42:10.392000',1,3,200,'','trooper,8d,Jc,f|villan2,?,?,rr','600')
COMMIT
INSERT INTO GAMEHISTORIES VALUES(741,'2020-01-03 10:42:31.982000',1,3,100,'','trooper,2h,3s,f|STEPHANIE,?,?,?r','300')
COMMIT
INSERT INTO GAMEHISTORIES VALUES(742,'2020-01-03 10:43:53.449000',1,3,200,'6s,7s,3d,6d,3s','trooper,4s,10c,c:c:c:c|CHECK,Jd,10s,c:b:b:br','800')
COMMIT
INSERT INTO GAMEHISTORIES VALUES(743,'2020-01-03 10:44:14.982000',1,3,100,'','trooper,Jh,10d,r|STEPHANIE,?,?,?f','300')
COMMIT
INSERT INTO GAMEHISTORIES VALUES(744,'2020-01-03 10:45:30.907000',1,3,200,'Ac,Js,As,5c,2d','trooper,4d,7h,c:c:c:f|CHECK,?,?,c:b:b:br','800')
COMMIT
INSERT INTO GAMEHISTORIES VALUES(745,'2020-01-03 10:45:50.812000',1,3,100,'','trooper,9c,7d,f|STEPHANIE,?,?,?r','300')
COMMIT
INSERT INTO GAMEHISTORIES VALUES(746,'2020-01-03 10:47:07.133000',1,3,200,'5d,Jd,2s,3d,9s','trooper,Jh,3c,c:c:c:r|CHECK,Js,2h,c:b:b:br','800')
COMMIT
INSERT INTO GAMEHISTORIES VALUES(747,'2020-01-03 10:49:12.807000',1,3,200,'7d,Jh,8d,7h,Ah','trooper,2h,Qh,r:c:rr:rr|STEPHANIE,7c,8c,?:?:?r:?ra','5400')
COMMIT
